     1 00000000                                 [FORMAT "WCOFF"]
     2 00000000                                 [INSTRSET "i486p"]
     3 00000000                                 [OPTIMIZE 1]
     4 00000000                                 [OPTION 1]
     5 00000000                                 [BITS 32]
     6 00000000                                 	EXTERN	_rgb2pal
     7 00000000                                 	EXTERN	_table_8_565
     8 00000000                                 	EXTERN	_boxfill8
     9 00000000                                 	EXTERN	_putfonts8_asc
    10 00000000                                 	EXTERN	_task_now
    11 00000000                                 	EXTERN	_sheet_refresh
    12 00000000                                 [FILE "window.c"]
    13 00000000                                 	GLOBAL	_windownum
    14                                          [SECTION .data]
    15 00000000                                 	ALIGNB	4
    16 00000000                                 _windownum:
    17 00000000 00000000                        	DD	0
    18                                          [SECTION .text]
    19 00000000                                 	GLOBAL	_make_window8
    20 00000000                                 _make_window8:
    21 00000000 55                              	PUSH	EBP
    22 00000001 89 E5                           	MOV	EBP,ESP
    23 00000003 57                              	PUSH	EDI
    24 00000004 56                              	PUSH	ESI
    25 00000005 53                              	PUSH	EBX
    26 00000006 83 EC 0C                        	SUB	ESP,12
    27 00000009 8B 45 08                        	MOV	EAX,DWORD [8+EBP]
    28 0000000C 8B 55 0C                        	MOV	EDX,DWORD [12+EBP]
    29 0000000F 89 45 F0                        	MOV	DWORD [-16+EBP],EAX
    30 00000012 89 55 EC                        	MOV	DWORD [-20+EBP],EDX
    31 00000015 8B 45 14                        	MOV	EAX,DWORD [20+EBP]
    32 00000018 8B 5D 10                        	MOV	EBX,DWORD [16+EBP]
    33 0000001B 0F BE 75 18                     	MOVSX	ESI,BYTE [24+EBP]
    34 0000001F 89 45 E8                        	MOV	DWORD [-24+EBP],EAX
    35 00000022 4B                              	DEC	EBX
    36 00000023 6A 10                           	PUSH	16
    37 00000025 6A 00                           	PUSH	0
    38 00000027 6A 00                           	PUSH	0
    39 00000029 68 000000F7                     	PUSH	247
    40 0000002E 68 000000BF                     	PUSH	191
    41 00000033 6A 25                           	PUSH	37
    42 00000035 E8 [00000000]                   	CALL	_rgb2pal
    43 0000003A 6A 10                           	PUSH	16
    44 0000003C 6A 00                           	PUSH	0
    45 0000003E 89 C7                           	MOV	EDI,EAX
    46 00000040 6A 00                           	PUSH	0
    47 00000042 6A 4F                           	PUSH	79
    48 00000044 6A 4F                           	PUSH	79
    49 00000046 6A 4F                           	PUSH	79
    50 00000048 E8 [00000000]                   	CALL	_rgb2pal
    51 0000004D 89 FA                           	MOV	EDX,EDI
    52 0000004F 66 A3 [00000014]                	MOV	WORD [_table_8_565+20],AX
    53 00000055 83 C4 30                        	ADD	ESP,48
    54 00000058 53                              	PUSH	EBX
    55 00000059 8B 45 EC                        	MOV	EAX,DWORD [-20+EBP]
    56 0000005C 48                              	DEC	EAX
    57 0000005D 50                              	PUSH	EAX
    58 0000005E 6A 00                           	PUSH	0
    59 00000060 6A 00                           	PUSH	0
    60 00000062 0F B6 C2                        	MOVZX	EAX,DL
    61 00000065 50                              	PUSH	EAX
    62 00000066 FF 75 EC                        	PUSH	DWORD [-20+EBP]
    63 00000069 FF 75 F0                        	PUSH	DWORD [-16+EBP]
    64 0000006C E8 [00000000]                   	CALL	_boxfill8
    65 00000071 8B 55 EC                        	MOV	EDX,DWORD [-20+EBP]
    66 00000074 8B 45 E8                        	MOV	EAX,DWORD [-24+EBP]
    67 00000077 89 75 14                        	MOV	DWORD [20+EBP],ESI
    68 0000007A 89 45 10                        	MOV	DWORD [16+EBP],EAX
    69 0000007D 89 55 0C                        	MOV	DWORD [12+EBP],EDX
    70 00000080 8B 45 F0                        	MOV	EAX,DWORD [-16+EBP]
    71 00000083 83 C4 1C                        	ADD	ESP,28
    72 00000086 89 45 08                        	MOV	DWORD [8+EBP],EAX
    73 00000089 8D 65 F4                        	LEA	ESP,DWORD [-12+EBP]
    74 0000008C 5B                              	POP	EBX
    75 0000008D 5E                              	POP	ESI
    76 0000008E 5F                              	POP	EDI
    77 0000008F 5D                              	POP	EBP
    78 00000090 EB 00                           	JMP	_make_wtitle8
    79                                          [SECTION .data]
    80 00000004                                 _closebtn.0:
    81 00000004 4F 4F 4F 4F 4F 4F 4F 4F 4F 4F   	DB	"OOOOOOOOOOOOOOO0"
       0000000E 4F 4F 4F 4F 4F 30 
    82 00000014 4F 51 51 51 51 51 51 51 51 51   	DB	"OQQQQQQQQQQQQQ00"
       0000001E 51 51 51 51 30 30 
    83 00000024 4F 51 51 51 51 51 51 51 51 51   	DB	"OQQQQQQQQQQQQQ00"
       0000002E 51 51 51 51 30 30 
    84 00000034 4F 51 51 51 40 40 51 51 51 51   	DB	"OQQQ@@QQQQ@@QQ00"
       0000003E 40 40 51 51 30 30 
    85 00000044 4F 51 51 51 51 40 40 51 51 40   	DB	"OQQQQ@@QQ@@QQQ00"
       0000004E 40 51 51 51 30 30 
    86 00000054 4F 51 51 51 51 51 40 40 40 40   	DB	"OQQQQQ@@@@QQQQ00"
       0000005E 51 51 51 51 30 30 
    87 00000064 4F 51 51 51 51 51 51 40 40 51   	DB	"OQQQQQQ@@QQQQQ00"
       0000006E 51 51 51 51 30 30 
    88 00000074 4F 51 51 51 51 51 40 40 40 40   	DB	"OQQQQQ@@@@QQQQ00"
       0000007E 51 51 51 51 30 30 
    89 00000084 4F 51 51 51 51 40 40 51 51 40   	DB	"OQQQQ@@QQ@@QQQ00"
       0000008E 40 51 51 51 30 30 
    90 00000094 4F 51 51 51 40 40 51 51 51 51   	DB	"OQQQ@@QQQQ@@QQ00"
       0000009E 40 40 51 51 30 30 
    91 000000A4 4F 51 51 51 51 51 51 51 51 51   	DB	"OQQQQQQQQQQQQQ00"
       000000AE 51 51 51 51 30 30 
    92 000000B4 4F 51 51 51 51 51 51 51 51 51   	DB	"OQQQQQQQQQQQQQ00"
       000000BE 51 51 51 51 30 30 
    93 000000C4 4F 24 24 24 24 24 24 24 24 24   	DB	"O$$$$$$$$$$$$$00"
       000000CE 24 24 24 24 30 30 
    94 000000D4 30 30 30 30 30 30 30 30 30 30   	DB	"0000000000000000"
       000000DE 30 30 30 30 30 30 
    95                                          [SECTION .text]
    96 00000092                                 	GLOBAL	_make_wtitle8
    97 00000092                                 _make_wtitle8:
    98 00000092 55                              	PUSH	EBP
    99 00000093 A1 [00000000]                   	MOV	EAX,DWORD [_windownum]
   100 00000098 89 E5                           	MOV	EBP,ESP
   101 0000009A 85 C0                           	TEST	EAX,EAX
   102 0000009C 57                              	PUSH	EDI
   103 0000009D 56                              	PUSH	ESI
   104 0000009E 53                              	PUSH	EBX
   105 0000009F 0F 84 0000012A                  	JE	L37
   106 000000A5 83 F8 01                        	CMP	EAX,1
   107 000000A8 0F 84 00000115                  	JE	L38
   108 000000AE 83 F8 02                        	CMP	EAX,2
   109 000000B1 0F 84 000000F8                  	JE	L39
   110 000000B7 83 F8 03                        	CMP	EAX,3
   111 000000BA 0F 84 000000DB                  	JE	L40
   112 000000C0 83 F8 04                        	CMP	EAX,4
   113 000000C3 0F 84 000000B0                  	JE	L41
   114 000000C9 6A 10                           	PUSH	16
   115 000000CB 6A 00                           	PUSH	0
   116 000000CD 6A 00                           	PUSH	0
   117 000000CF 68 000000F7                     	PUSH	247
   118 000000D4 68 000000BF                     	PUSH	191
   119 000000D9 6A 25                           	PUSH	37
   120 000000DB E8 [00000000]                   	CALL	_rgb2pal
   121 000000E0 66 A3 [00000014]                	MOV	WORD [_table_8_565+20],AX
   122 000000E6 C7 05 [00000000] 00000000       	MOV	DWORD [_windownum],0
   123 000000F0                                 L31:
   124 000000F0 83 C4 18                        	ADD	ESP,24
   125 000000F3 8B 45 0C                        	MOV	EAX,DWORD [12+EBP]
   126 000000F6 48                              	DEC	EAX
   127 000000F7 FF 05 [00000000]                	INC	DWORD [_windownum]
   128 000000FD 6A 14                           	PUSH	20
   129 000000FF 31 FF                           	XOR	EDI,EDI
   130 00000101 50                              	PUSH	EAX
   131 00000102 31 F6                           	XOR	ESI,ESI
   132 00000104 6A 00                           	PUSH	0
   133 00000106 6A 00                           	PUSH	0
   134 00000108 6A 0A                           	PUSH	10
   135 0000010A FF 75 0C                        	PUSH	DWORD [12+EBP]
   136 0000010D FF 75 08                        	PUSH	DWORD [8+EBP]
   137 00000110 E8 [00000000]                   	CALL	_boxfill8
   138 00000115 FF 75 10                        	PUSH	DWORD [16+EBP]
   139 00000118 6A 07                           	PUSH	7
   140 0000011A 6A 04                           	PUSH	4
   141 0000011C 6A 06                           	PUSH	6
   142 0000011E FF 75 0C                        	PUSH	DWORD [12+EBP]
   143 00000121 FF 75 08                        	PUSH	DWORD [8+EBP]
   144 00000124 E8 [00000000]                   	CALL	_putfonts8_asc
   145 00000129 83 C4 34                        	ADD	ESP,52
   146 0000012C 6B 4D 0C 03                     	IMUL	ECX,DWORD [12+EBP],3
   147 00000130                                 L26:
   148 00000130 8B 55 0C                        	MOV	EDX,DWORD [12+EBP]
   149 00000133 8B 45 08                        	MOV	EAX,DWORD [8+EBP]
   150 00000136 01 CA                           	ADD	EDX,ECX
   151 00000138 31 DB                           	XOR	EBX,EBX
   152 0000013A 8D 54 50 D8                     	LEA	EDX,DWORD [-40+EAX+EDX*2]
   153 0000013E                                 L25:
   154 0000013E 80 BC 33 [00000004] 40          	CMP	BYTE [_closebtn.0+EBX+ESI*1],64
   155 00000146 74 2D                           	JE	L42
   156 00000148 B0 0A                           	MOV	AL,10
   157 0000014A                                 L24:
   158 0000014A 0F BE C0                        	MOVSX	EAX,AL
   159 0000014D 43                              	INC	EBX
   160 0000014E 66 8B 84 00 [00000000]          	MOV	AX,WORD [_table_8_565+EAX+EAX*1]
   161 00000156 66 89 02                        	MOV	WORD [EDX],AX
   162 00000159 83 C2 02                        	ADD	EDX,2
   163 0000015C 83 FB 11                        	CMP	EBX,17
   164 0000015F 7E DD                           	JLE	L25
   165 00000161 47                              	INC	EDI
   166 00000162 83 C6 10                        	ADD	ESI,16
   167 00000165 03 4D 0C                        	ADD	ECX,DWORD [12+EBP]
   168 00000168 83 FF 11                        	CMP	EDI,17
   169 0000016B 7E C3                           	JLE	L26
   170 0000016D 8D 65 F4                        	LEA	ESP,DWORD [-12+EBP]
   171 00000170 5B                              	POP	EBX
   172 00000171 5E                              	POP	ESI
   173 00000172 5F                              	POP	EDI
   174 00000173 5D                              	POP	EBP
   175 00000174 C3                              	RET
   176 00000175                                 L42:
   177 00000175 B0 07                           	MOV	AL,7
   178 00000177 EB D1                           	JMP	L24
   179 00000179                                 L41:
   180 00000179 6A 10                           	PUSH	16
   181 0000017B 6A 00                           	PUSH	0
   182 0000017D 6A 00                           	PUSH	0
   183 0000017F 6A 25                           	PUSH	37
   184 00000181 68 000000F7                     	PUSH	247
   185 00000186 68 00000092                     	PUSH	146
   186 0000018B                                 L35:
   187 0000018B E8 [00000000]                   	CALL	_rgb2pal
   188 00000190 66 A3 [00000014]                	MOV	WORD [_table_8_565+20],AX
   189 00000196 E9 FFFFFF55                     	JMP	L31
   190 0000019B                                 L40:
   191 0000019B 6A 10                           	PUSH	16
   192 0000019D 6A 00                           	PUSH	0
   193 0000019F 6A 00                           	PUSH	0
   194 000001A1 6A 4A                           	PUSH	74
   195 000001A3 68 000000F6                     	PUSH	246
   196 000001A8                                 L36:
   197 000001A8 68 000000FF                     	PUSH	255
   198 000001AD EB DC                           	JMP	L35
   199 000001AF                                 L39:
   200 000001AF 6A 10                           	PUSH	16
   201 000001B1 6A 00                           	PUSH	0
   202 000001B3 6A 00                           	PUSH	0
   203 000001B5 68 000000F5                     	PUSH	245
   204 000001BA 6A 47                           	PUSH	71
   205 000001BC 68 000000BB                     	PUSH	187
   206 000001C1 EB C8                           	JMP	L35
   207 000001C3                                 L38:
   208 000001C3 6A 10                           	PUSH	16
   209 000001C5 6A 00                           	PUSH	0
   210 000001C7 6A 00                           	PUSH	0
   211 000001C9 6A 4A                           	PUSH	74
   212 000001CB 6A 4A                           	PUSH	74
   213 000001CD EB D9                           	JMP	L36
   214 000001CF                                 L37:
   215 000001CF 6A 10                           	PUSH	16
   216 000001D1 6A 00                           	PUSH	0
   217 000001D3 6A 00                           	PUSH	0
   218 000001D5 68 000000F7                     	PUSH	247
   219 000001DA 68 000000BF                     	PUSH	191
   220 000001DF 6A 25                           	PUSH	37
   221 000001E1 EB A8                           	JMP	L35
   222 000001E3                                 	GLOBAL	_putfonts8_asc_sht
   223 000001E3                                 _putfonts8_asc_sht:
   224 000001E3 55                              	PUSH	EBP
   225 000001E4 89 E5                           	MOV	EBP,ESP
   226 000001E6 57                              	PUSH	EDI
   227 000001E7 56                              	PUSH	ESI
   228 000001E8 53                              	PUSH	EBX
   229 000001E9 83 EC 18                        	SUB	ESP,24
   230 000001EC 8B 45 0C                        	MOV	EAX,DWORD [12+EBP]
   231 000001EF 8B 55 14                        	MOV	EDX,DWORD [20+EBP]
   232 000001F2 8B 4D 1C                        	MOV	ECX,DWORD [28+EBP]
   233 000001F5 89 45 F0                        	MOV	DWORD [-16+EBP],EAX
   234 000001F8 8B 45 20                        	MOV	EAX,DWORD [32+EBP]
   235 000001FB 89 55 EC                        	MOV	DWORD [-20+EBP],EDX
   236 000001FE 89 4D E8                        	MOV	DWORD [-24+EBP],ECX
   237 00000201 89 45 E4                        	MOV	DWORD [-28+EBP],EAX
   238 00000204 8B 7D 08                        	MOV	EDI,DWORD [8+EBP]
   239 00000207 8B 75 10                        	MOV	ESI,DWORD [16+EBP]
   240 0000020A 8B 5D 18                        	MOV	EBX,DWORD [24+EBP]
   241 0000020D E8 [00000000]                   	CALL	_task_now
   242 00000212 0F B6 DB                        	MOVZX	EBX,BL
   243 00000215 89 45 E0                        	MOV	DWORD [-32+EBP],EAX
   244 00000218 8D 46 0F                        	LEA	EAX,DWORD [15+ESI]
   245 0000021B 50                              	PUSH	EAX
   246 0000021C 8B 4D F0                        	MOV	ECX,DWORD [-16+EBP]
   247 0000021F 8B 55 E4                        	MOV	EDX,DWORD [-28+EBP]
   248 00000222 8D 14 D1                        	LEA	EDX,DWORD [ECX+EDX*8]
   249 00000225 89 D0                           	MOV	EAX,EDX
   250 00000227 89 55 DC                        	MOV	DWORD [-36+EBP],EDX
   251 0000022A 48                              	DEC	EAX
   252 0000022B 50                              	PUSH	EAX
   253 0000022C 56                              	PUSH	ESI
   254 0000022D 51                              	PUSH	ECX
   255 0000022E 53                              	PUSH	EBX
   256 0000022F FF 77 04                        	PUSH	DWORD [4+EDI]
   257 00000232 FF 37                           	PUSH	DWORD [EDI]
   258 00000234 E8 [00000000]                   	CALL	_boxfill8
   259 00000239 8B 4D E0                        	MOV	ECX,DWORD [-32+EBP]
   260 0000023C 83 C4 1C                        	ADD	ESP,28
   261 0000023F 80 B9 000000B4 00               	CMP	BYTE [180+ECX],0
   262 00000246 74 09                           	JE	L44
   263 00000248 80 B9 000000B5 00               	CMP	BYTE [181+ECX],0
   264 0000024F 75 40                           	JNE	L47
   265 00000251                                 L44:
   266 00000251 FF 75 E8                        	PUSH	DWORD [-24+EBP]
   267 00000254 0F B6 45 EC                     	MOVZX	EAX,BYTE [-20+EBP]
   268 00000258 50                              	PUSH	EAX
   269 00000259 56                              	PUSH	ESI
   270 0000025A FF 75 F0                        	PUSH	DWORD [-16+EBP]
   271 0000025D FF 77 04                        	PUSH	DWORD [4+EDI]
   272 00000260 FF 37                           	PUSH	DWORD [EDI]
   273 00000262 E8 [00000000]                   	CALL	_putfonts8_asc
   274 00000267 89 75 10                        	MOV	DWORD [16+EBP],ESI
   275 0000026A 8B 4D F0                        	MOV	ECX,DWORD [-16+EBP]
   276 0000026D 8B 55 E4                        	MOV	EDX,DWORD [-28+EBP]
   277 00000270 8D 46 10                        	LEA	EAX,DWORD [16+ESI]
   278 00000273 83 C4 18                        	ADD	ESP,24
   279 00000276 89 45 18                        	MOV	DWORD [24+EBP],EAX
   280 00000279 89 4D 0C                        	MOV	DWORD [12+EBP],ECX
   281 0000027C 8D 04 D1                        	LEA	EAX,DWORD [ECX+EDX*8]
   282 0000027F 89 45 14                        	MOV	DWORD [20+EBP],EAX
   283 00000282                                 L46:
   284 00000282 89 7D 08                        	MOV	DWORD [8+EBP],EDI
   285 00000285 8D 65 F4                        	LEA	ESP,DWORD [-12+EBP]
   286 00000288 5B                              	POP	EBX
   287 00000289 5E                              	POP	ESI
   288 0000028A 5F                              	POP	EDI
   289 0000028B 5D                              	POP	EBP
   290 0000028C E9 [00000000]                   	JMP	_sheet_refresh
   291 00000291                                 L47:
   292 00000291 FF 75 E8                        	PUSH	DWORD [-24+EBP]
   293 00000294 0F B6 45 EC                     	MOVZX	EAX,BYTE [-20+EBP]
   294 00000298 50                              	PUSH	EAX
   295 00000299 56                              	PUSH	ESI
   296 0000029A FF 75 F0                        	PUSH	DWORD [-16+EBP]
   297 0000029D FF 77 04                        	PUSH	DWORD [4+EDI]
   298 000002A0 FF 37                           	PUSH	DWORD [EDI]
   299 000002A2 E8 [00000000]                   	CALL	_putfonts8_asc
   300 000002A7 89 75 10                        	MOV	DWORD [16+EBP],ESI
   301 000002AA 8D 46 10                        	LEA	EAX,DWORD [16+ESI]
   302 000002AD 83 C4 18                        	ADD	ESP,24
   303 000002B0 89 45 18                        	MOV	DWORD [24+EBP],EAX
   304 000002B3 8B 45 DC                        	MOV	EAX,DWORD [-36+EBP]
   305 000002B6 89 45 14                        	MOV	DWORD [20+EBP],EAX
   306 000002B9 8B 45 F0                        	MOV	EAX,DWORD [-16+EBP]
   307 000002BC 83 E8 08                        	SUB	EAX,8
   308 000002BF 89 45 0C                        	MOV	DWORD [12+EBP],EAX
   309 000002C2 EB BE                           	JMP	L46
   310 000002C4                                 	GLOBAL	_make_textbox8
   311 000002C4                                 _make_textbox8:
   312 000002C4 55                              	PUSH	EBP
   313 000002C5 89 E5                           	MOV	EBP,ESP
   314 000002C7 8B 45 18                        	MOV	EAX,DWORD [24+EBP]
   315 000002CA 8B 55 08                        	MOV	EDX,DWORD [8+EBP]
   316 000002CD 48                              	DEC	EAX
   317 000002CE 50                              	PUSH	EAX
   318 000002CF 8B 45 14                        	MOV	EAX,DWORD [20+EBP]
   319 000002D2 48                              	DEC	EAX
   320 000002D3 50                              	PUSH	EAX
   321 000002D4 8B 45 10                        	MOV	EAX,DWORD [16+EBP]
   322 000002D7 40                              	INC	EAX
   323 000002D8 50                              	PUSH	EAX
   324 000002D9 8B 45 0C                        	MOV	EAX,DWORD [12+EBP]
   325 000002DC 40                              	INC	EAX
   326 000002DD 50                              	PUSH	EAX
   327 000002DE 0F B6 45 1C                     	MOVZX	EAX,BYTE [28+EBP]
   328 000002E2 50                              	PUSH	EAX
   329 000002E3 FF 72 04                        	PUSH	DWORD [4+EDX]
   330 000002E6 FF 32                           	PUSH	DWORD [EDX]
   331 000002E8 E8 [00000000]                   	CALL	_boxfill8
   332 000002ED C9                              	LEAVE
   333 000002EE C3                              	RET
   334 000002EF                                 	GLOBAL	_change_wtitle8
   335 000002EF                                 _change_wtitle8:
   336 000002EF 55                              	PUSH	EBP
   337 000002F0 89 E5                           	MOV	EBP,ESP
   338 000002F2 8B 45 08                        	MOV	EAX,DWORD [8+EBP]
   339 000002F5 8B 50 08                        	MOV	EDX,DWORD [8+EAX]
   340 000002F8 83 EA 06                        	SUB	EDX,6
   341 000002FB 52                              	PUSH	EDX
   342 000002FC 8B 50 04                        	MOV	EDX,DWORD [4+EAX]
   343 000002FF 83 EA 06                        	SUB	EDX,6
   344 00000302 52                              	PUSH	EDX
   345 00000303 6A 17                           	PUSH	23
   346 00000305 6A 05                           	PUSH	5
   347 00000307 50                              	PUSH	EAX
   348 00000308 E8 [00000000]                   	CALL	_sheet_refresh
   349 0000030D C9                              	LEAVE
   350 0000030E C3                              	RET
